Requirement already satisfied: gitpython>=3.1.30 in c:\users\tiovskiy\appdata\local\programs\python\python312\lib\site-packages (from -r requirements.txt (line 5)) (3.1.43)
Requirement already satisfied: matplotlib>=3.3 in c:\users\tiovskiy\appdata\local\programs\python\python312\lib\site-packages (from -r requirements.txt (line 6)) (3.8.4)
Requirement already satisfied: numpy>=1.23.5 in c:\users\tiovskiy\appdata\local\programs\python\python312\lib\site-packages (from -r requirements.txt (line 7)) (1.26.4)
Requirement already satisfied: opencv-python>=4.1.1 in c:\users\tiovskiy\appdata\local\programs\python\python312\lib\site-packages (from -r requirements.txt (line 8)) (4.9.0.80)
Requirement already satisfied: pillow>=10.3.0 in c:\users\tiovskiy\appdata\local\programs\python\python312\lib\site-packages (from -r requirements.txt (line 9)) (10.3.0)
Requirement already satisfied: psutil in c:\users\tiovskiy\appdata\local\programs\python\python312\lib\site-packages (from -r requirements.txt (line 10)) (5.9.6)
Requirement already satisfied: PyYAML>=5.3.1 in c:\users\tiovskiy\appdata\local\programs\python\python312\lib\site-packages (from -r requirements.txt (line 11)) (6.0.1)
Requirement already satisfied: requests>=2.23.0 in c:\users\tiovskiy\appdata\local\programs\python\python312\lib\site-packages (from -r requirements.txt (line 12)) (2.31.0)
Requirement already satisfied: scipy>=1.4.1 in c:\users\tiovskiy\appdata\local\programs\python\python312\lib\site-packages (from -r requirements.txt (line 13)) (1.13.0)
Requirement already satisfied: thop>=0.1.1 in c:\users\tiovskiy\appdata\local\programs\python\python312\lib\site-packages (from -r requirements.txt (line 14)) (0.1.1.post2209072238)
Requirement already satisfied: torch>=1.8.0 in c:\users\tiovskiy\appdata\local\programs\python\python312\lib\site-packages (from -r requirements.txt (line 15)) (2.3.0)
Requirement already satisfied: torchvision>=0.9.0 in c:\users\tiovskiy\appdata\local\programs\python\python312\lib\site-packages (from -r requirements.txt (line 16)) (0.18.0)
Requirement already satisfied: tqdm>=4.64.0 in c:\users\tiovskiy\appdata\local\programs\python\python312\lib\site-packages (from -r requirements.txt (line 17)) (4.66.2)
Requirement already satisfied: ultralytics>=8.0.232 in c:\users\tiovskiy\appdata\local\programs\python\python312\lib\site-packages (from -r requirements.txt (line 18)) (8.2.5)
Requirement already satisfied: pandas>=1.1.4 in c:\users\tiovskiy\appdata\local\programs\python\python312\lib\site-packages (from -r requirements.txt (line 27)) (2.2.2)
Requirement already satisfied: seaborn>=0.11.0 in c:\users\tiovskiy\appdata\local\programs\python\python312\lib\site-packages (from -r requirements.txt (line 28)) (0.13.2)
Requirement already satisfied: setuptools>=65.5.1 in c:\users\tiovskiy\appdata\local\programs\python\python312\lib\site-packages (from -r requirements.txt (line 42)) (68.2.2)
Requirement already satisfied: wheel>=0.38.0 in c:\users\tiovskiy\appdata\local\programs\python\python312\lib\site-packages (from -r requirements.txt (line 50)) (0.43.0)
Requirement already satisfied: gitdb<5,>=4.0.1 in c:\users\tiovskiy\appdata\local\programs\python\python312\lib\site-packages (from gitpython>=3.1.30->-r requirements.txt (line 5)) (4.0.11)
Requirement already satisfied: contourpy>=1.0.1 in c:\users\tiovskiy\appdata\local\programs\python\python312\lib\site-packages (from matplotlib>=3.3->-r requirements.txt (line 6)) (1.2.1)
Requirement already satisfied: cycler>=0.10 in c:\users\tiovskiy\appdata\local\programs\python\python312\lib\site-packages (from matplotlib>=3.3->-r requirements.txt (line 6)) (0.12.1)
Requirement already satisfied: fonttools>=4.22.0 in c:\users\tiovskiy\appdata\local\programs\python\python312\lib\site-packages (from matplotlib>=3.3->-r requirements.txt (line 6)) (4.51.0)
Requirement already satisfied: kiwisolver>=1.3.1 in c:\users\tiovskiy\appdata\local\programs\python\python312\lib\site-packages (from matplotlib>=3.3->-r requirements.txt (line 6)) (1.4.5)
Requirement already satisfied: packaging>=20.0 in c:\users\tiovskiy\appdata\local\programs\python\python312\lib\site-packages (from matplotlib>=3.3->-r requirements.txt (line 6)) (23.2)
Requirement already satisfied: pyparsing>=2.3.1 in c:\users\tiovskiy\appdata\local\programs\python\python312\lib\site-packages (from matplotlib>=3.3->-r requirements.txt (line 6)) (3.1.2)
Requirement already satisfied: python-dateutil>=2.7 in c:\users\tiovskiy\appdata\local\programs\python\python312\lib\site-packages (from matplotlib>=3.3->-r requirements.txt (line 6)) (2.8.2)
Requirement already satisfied: charset-normalizer<4,>=2 in c:\users\tiovskiy\appdata\local\programs\python\python312\lib\site-packages (from requests>=2.23.0->-r requirements.txt (line 12)) (3.3.2)
Requirement already satisfied: idna<4,>=2.5 in c:\users\tiovskiy\appdata\local\programs\python\python312\lib\site-packages (from requests>=2.23.0->-r requirements.txt (line 12)) (3.4)
Requirement already satisfied: urllib3<3,>=1.21.1 in c:\users\tiovskiy\appdata\local\programs\python\python312\lib\site-packages (from requests>=2.23.0->-r requirements.txt (line 12)) (2.0.7)
Requirement already satisfied: certifi>=2017.4.17 in c:\users\tiovskiy\appdata\local\programs\python\python312\lib\site-packages (from requests>=2.23.0->-r requirements.txt (line 12)) (2023.7.22)
Requirement already satisfied: filelock in c:\users\tiovskiy\appdata\local\programs\python\python312\lib\site-packages (from torch>=1.8.0->-r requirements.txt (line 15)) (3.14.0)
Requirement already satisfied: typing-extensions>=4.8.0 in c:\users\tiovskiy\appdata\local\programs\python\python312\lib\site-packages (from torch>=1.8.0->-r requirements.txt (line 15)) (4.11.0)
Requirement already satisfied: sympy in c:\users\tiovskiy\appdata\local\programs\python\python312\lib\site-packages (from torch>=1.8.0->-r requirements.txt (line 15)) (1.12)
Requirement already satisfied: networkx in c:\users\tiovskiy\appdata\local\programs\python\python312\lib\site-packages (from torch>=1.8.0->-r requirements.txt (line 15)) (3.3)
Requirement already satisfied: jinja2 in c:\users\tiovskiy\appdata\local\programs\python\python312\lib\site-packages (from torch>=1.8.0->-r requirements.txt (line 15)) (3.1.2)
Requirement already satisfied: fsspec in c:\users\tiovskiy\appdata\local\programs\python\python312\lib\site-packages (from torch>=1.8.0->-r requirements.txt (line 15)) (2024.3.1)
Requirement already satisfied: mkl<=2021.4.0,>=2021.1.1 in c:\users\tiovskiy\appdata\local\programs\python\python312\lib\site-packages (from torch>=1.8.0->-r requirements.txt (line 15)) (2021.4.0)
Requirement already satisfied: colorama in c:\users\tiovskiy\appdata\local\programs\python\python312\lib\site-packages (from tqdm>=4.64.0->-r requirements.txt (line 17)) (0.4.6)
Requirement already satisfied: py-cpuinfo in c:\users\tiovskiy\appdata\local\programs\python\python312\lib\site-packages (from ultralytics>=8.0.232->-r requirements.txt (line 18)) (9.0.0)
Requirement already satisfied: pytz>=2020.1 in c:\users\tiovskiy\appdata\local\programs\python\python312\lib\site-packages (from pandas>=1.1.4->-r requirements.txt (line 27)) (2024.1)
Requirement already satisfied: tzdata>=2022.7 in c:\users\tiovskiy\appdata\local\programs\python\python312\lib\site-packages (from pandas>=1.1.4->-r requirements.txt (line 27)) (2024.1)
Requirement already satisfied: smmap<6,>=3.0.1 in c:\users\tiovskiy\appdata\local\programs\python\python312\lib\site-packages (from gitdb<5,>=4.0.1->gitpython>=3.1.30->-r requirements.txt (line 5)) (5.0.1)
Requirement already satisfied: intel-openmp==2021.* in c:\users\tiovskiy\appdata\local\programs\python\python312\lib\site-packages (from mkl<=2021.4.0,>=2021.1.1->torch>=1.8.0->-r requirements.txt (line 15)) (2021.4.0)
Requirement already satisfied: tbb==2021.* in c:\users\tiovskiy\appdata\local\programs\python\python312\lib\site-packages (from mkl<=2021.4.0,>=2021.1.1->torch>=1.8.0->-r requirements.txt (line 15)) (2021.12.0)
Requirement already satisfied: six>=1.5 in c:\users\tiovskiy\appdata\local\programs\python\python312\lib\site-packages (from python-dateutil>=2.7->matplotlib>=3.3->-r requirements.txt (line 6)) (1.16.0)
Requirement already satisfied: MarkupSafe>=2.0 in c:\users\tiovskiy\appdata\local\programs\python\python312\lib\site-packages (from jinja2->torch>=1.8.0->-r requirements.txt (line 15)) (2.1.3)
Requirement already satisfied: mpmath>=0.19 in c:\users\tiovskiy\appdata\local\programs\python\python312\lib\site-packages (from sympy->torch>=1.8.0->-r requirements.txt (line 15)) (1.3.0)
